Arguments: 
  F:\NodeJs\node.exe F:\NodeJs\node_global\node_modules\yarn\bin\yarn.js

PATH: 
  C:\Users\Administrator\bin;F:\git\Git\mingw64\bin;F:\git\Git\usr\local\bin;F:\git\Git\usr\bin;F:\git\Git\usr\bin;F:\git\Git\mingw64\bin;F:\git\Git\usr\bin;C:\Users\Administrator\bin;C:\Windows\system32;C:\Windows;C:\Windows\System32\Wbem;C:\Windows\System32\WindowsPowerShell\v1.0;D:\Program Files (x86)\MySQL\MySQL Server 5.5\bin;F:\git\Git\cmd;D:\MongoDB\bin;F:\NodeJs;F:\NodeJs\node_global;D:\MongoDB\bin;C:\Users\Administrator\AppData\Roaming\npm;C:\Program Files\Microsoft VS Code\bin;F:\git\Git\usr\bin\vendor_perl;F:\git\Git\usr\bin\core_perl

Yarn version: 
  1.7.0

Node version: 
  8.9.0

Platform: 
  win32 x64

Trace: 
  Error: EBUSY: resource busy or locked, copyfile 'C:\Users\Administrator\AppData\Local\Yarn\Cache\v1\npm-flot-0.8.3-453b017cc5acfd75e252b93e8635f57f4196d45d\examples\ajax\index.html' -> 'F:\pipline\-pipeline\wap\node_modules\flot\examples\ajax\index.html'

npm manifest: 
  {
    "name": "sewer",
    "version": "0.0.0",
    "license": "MIT",
    "scripts": {
      "ng": "ng",
      "install": "napa",
      "start": "ng serve --disable-host-check --port 4203",
      "build": "ng build  -prod -aot -vc -cc -dop --buildOptimizer",
      "package": "ng build && 7z a dist.7z dist/",
      "test": "ng test",
      "lint": "ng lint",
      "modernizr": "modernizr -c modernizr-config.json -d src/modernizr.js",
      "e2e": "ng e2e"
    },
    "private": true,
    "napa": {
      "jquery.flot.spline": "miloszfalinski/jquery.flot.spline",
      "ika.jvectormap": "kakirigi/ika.jvectormap"
    },
    "dependencies": {
      "@agm/core": "1.0.0-beta.0",
      "@angular/animations": "5.0.0",
      "@angular/common": "5.0.0",
      "@angular/compiler": "5.0.0",
      "@angular/core": "5.0.0",
      "@angular/forms": "5.0.0",
      "@angular/http": "5.0.0",
      "@angular/platform-browser": "5.0.0",
      "@angular/platform-browser-dynamic": "5.0.0",
      "@angular/router": "5.0.0",
      "@ngx-translate/core": "6.0.1",
      "@ngx-translate/http-loader": "0.0.3",
      "Flot": "github:flot/flot#v0.8.3",
      "ag-grid": "9.0.3",
      "ag-grid-angular": "9.0.3",
      "angular-tree-component": "3.3.0",
      "angular2-baidu-map": "^3.0.2",
      "angular2-datatable": "0.6.0",
      "angular2-text-mask": "8.0.0",
      "angular2-toaster": "3.0.1",
      "bootstrap": "3.3.7",
      "chart.js": "2.5.0",
      "classlist.js": "1.1.20150312",
      "core-js": "2.4.1",
      "easy-pie-chart": "2.1.7",
      "eonasdan-bootstrap-datetimepicker": "*",
      "flot": "flot/flot#v0.8.3",
      "fullcalendar": "3.3.1",
      "intl": "1.2.5",
      "jqcloud2": "2.0.2",
      "jquery": "3.2.1",
      "jquery-slimscroll": "1.3.8",
      "jquery-sparkline": "2.4.0",
      "jquery.browser": "0.1.0",
      "jquery.flot.tooltip": "github:krzysu/flot.tooltip",
      "lodash": "4.17.4",
      "modernizr": "3.5.0",
      "moment": "2.18.1",
      "ng-zorro-antd": "^0.7.1",
      "ng2-charts": "1.5.0",
      "ng2-cookies": "^1.0.12",
      "ng2-dnd": "4.0.2",
      "ng2-file-upload": "1.2.1",
      "ng2-img-cropper": "0.8.6",
      "ng2-select": "1.2.0",
      "ng2-table": "1.3.2",
      "ng2-tag-input": "1.0.5",
      "ng2-validation": "^4.1.0",
      "ngx-bootstrap": "^2.0.5",
      "ngx-color-picker": "4.0.0",
      "ngx-infinite-scroll": "0.4.1",
      "ngx-weui": "^5.0.4",
      "node-sass": "^3.13.0",
      "rxjs": "^5.4.1",
      "screenfull": "3.2.0",
      "simple-line-icons": "2.4.1",
      "spinkit": "1.2.5",
      "summernote": "0.8.3",
      "sweetalert": "1.1.3",
      "systemjs": "^0.19.40",
      "tether": "*",
      "ts-helpers": "1.1.1",
      "weather-icons": "github:erikflowers/weather-icons",
      "web-animations-js": "2.2.2",
      "yarn": "^1.3.2",
      "zone.js": "0.8.4"
    },
    "devDependencies": {
      "@angular/cli": "1.6.8",
      "@angular/compiler-cli": "5.0.0",
      "@types/jasmine": "2.5.38",
      "@types/lodash": "4.14.61",
      "@types/node": "6.0.60",
      "angular-in-memory-web-api": "^0.3.2",
      "codelyzer": "2.0.0",
      "jasmine-core": "2.5.2",
      "jasmine-spec-reporter": "3.2.0",
      "loaders.css": "0.1.2",
      "napa": "2.3.0",
      "ts-node": "2.0.0",
      "tslint": "4.5.0",
      "typescript": "2.4.2"
    }
  }

yarn manifest: 
  No manifest

Lockfile: 
  No lockfile
